<?xml version="1.0" encoding="utf-8"?>
<shfbBuild product="Sandcastle Help File Builder and Tools" version="2018.7.8.0" projectFile="C:\Users\mgodo\Documents\Repositorio GIT\smartSpriteFX\[sandCastle]\smartSpriteFX.helpProject.shfbproj" started="20/01/2019 10:36:38">
<buildStep step="Initializing">
Finding tools...
The Sandcastle tools are located in &#39;C:\Program Files (x86)\EWSoftware\Sandcastle Help File Builder\&#39;
Searching for HTML Help 1 compiler...
Found HTML Help 1 compiler in &#39;C:\Program Files (x86)\HTML Help Workshop\&#39;
Locating components in the following folder(s):
    C:\Users\mgodo\Documents\Repositorio GIT\smartSpriteFX\[sandCastle]
    C:\ProgramData\EWSoftware\Sandcastle Help File Builder\Components and Plug-Ins\
    C:\Program Files (x86)\EWSoftware\Sandcastle Help File Builder\
Using framework reflection data for &#39;.NET Framework 4.5.2&#39; located in &#39;C:\Program Files (x86)\EWSoftware\Sandcastle Help File Builder\Data\.NETFramework&#39;
Using presentation style &#39;VS2013&#39; located in &#39;C:\Program Files (x86)\EWSoftware\Sandcastle Help File Builder\PresentationStyles\VS2013&#39;
Loading and initializing plug-ins...
Lightweight Website Style Version 2018.7.8.0
Copyright &#169; 2006-2018, Eric Woodruff, All Rights Reserved
Portions Copyright &#169; 2014, Sam Harwell, All Rights Reserved
</buildStep>
<buildStep step="ValidatingDocumentationSources">
Validating and copying documentation source information
Source: C:\Users\mgodo\Documents\Repositorio GIT\smartSpriteFX\src\smartSpriteFX\smartSpriteFX.Common.UI\smartSpriteFX.Common.UI.csproj
    Found project &#39;C:\Users\mgodo\Documents\Repositorio GIT\smartSpriteFX\src\smartSpriteFX\smartSpriteFX.Common.UI\smartSpriteFX.Common.UI.csproj&#39;
Source: C:\Users\mgodo\Documents\Repositorio GIT\smartSpriteFX\src\smartSpriteFX\smartSpriteFX.PictureEngine\smartSpriteFX.PictureEngine.csproj
    Found project &#39;C:\Users\mgodo\Documents\Repositorio GIT\smartSpriteFX\src\smartSpriteFX\smartSpriteFX.PictureEngine\smartSpriteFX.PictureEngine.csproj&#39;
Source: C:\Users\mgodo\Documents\Repositorio GIT\smartSpriteFX\src\smartSpriteFX\smartSpriteFX.SpriteEffectModule\smartSpriteFX.SpriteEffectModule.csproj
    Found project &#39;C:\Users\mgodo\Documents\Repositorio GIT\smartSpriteFX\src\smartSpriteFX\smartSpriteFX.SpriteEffectModule\smartSpriteFX.SpriteEffectModule.csproj&#39;

Parsing project files
    Found assembly &#39;C:\Users\mgodo\Documents\Repositorio GIT\smartSpriteFX\src\smartSpriteFX\smartSpriteFX.Common.UI\bin\Release\smartSpriteFX.Common.UI.dll&#39;
    Found assembly &#39;C:\Users\mgodo\Documents\Repositorio GIT\smartSpriteFX\src\smartSpriteFX\smartSpriteFX.PictureEngine\bin\Release\smartSpriteFX.PictureEngine.dll&#39;
    Found assembly &#39;C:\Users\mgodo\Documents\Repositorio GIT\smartSpriteFX\src\smartSpriteFX\smartSpriteFX.SpriteEffectModule\bin\Release\smartSpriteFX.SpriteEffectModule.dll&#39;

References to include (excluding framework assemblies):
    None

Copying XML comments files
    C:\Users\mgodo\Documents\Repositorio GIT\smartSpriteFX\src\smartSpriteFX\smartSpriteFX.Common.UI\bin\Release\smartSpriteFX.Common.UI.XML -&gt; C:\Users\mgodo\Documents\Repositorio GIT\smartSpriteFX\[sandCastle]\Help\Working\smartSpriteFX.Common.UI.XML
    C:\Users\mgodo\Documents\Repositorio GIT\smartSpriteFX\src\smartSpriteFX\smartSpriteFX.PictureEngine\bin\Release\smartSpriteFX.PictureEngine.XML -&gt; C:\Users\mgodo\Documents\Repositorio GIT\smartSpriteFX\[sandCastle]\Help\Working\smartSpriteFX.PictureEngine.XML
    C:\Users\mgodo\Documents\Repositorio GIT\smartSpriteFX\src\smartSpriteFX\smartSpriteFX.SpriteEffectModule\bin\Release\smartSpriteFX.SpriteEffectModule.XML -&gt; C:\Users\mgodo\Documents\Repositorio GIT\smartSpriteFX\[sandCastle]\Help\Working\smartSpriteFX.SpriteEffectModule.XML
</buildStep>
<buildStep step="GenerateSharedContent">
Generating shared content files (en-US, English (United States))...
<plugIn name="Lightweight Website Style" behavior="After" priority="1000">
</plugIn>    Last step completed in 00:00:00,0698
</buildStep>
<buildStep step="GenerateApiFilter">
Generating API filter for MRefBuilder...
    Last step completed in 00:00:00,0289
</buildStep>
<buildStep step="GenerateReflectionInfo">
Generating reflection information...
[C:\Program Files (x86)\Microsoft Visual Studio\2017\Community\MSBuild\15.0\Bin\MSBuild.exe - GenerateRefInfo.proj]
Compila‡&#198;o de 20/01/2019 10:36:40 iniciada.
Projeto &quot;C:\Users\mgodo\Documents\Repositorio GIT\smartSpriteFX\[sandCastle]\Help\Working\GenerateRefInfo.proj&quot; no n&#162; 1 (destinos padr&#198;o).
PrepareForBuild:
  Criando o diret&#162;rio &quot;obj\Debug\&quot;.
GenerateRefInfo:
  MRefBuilder (v2018.7.8.0)
  Copyright &#184; 2006-2018, Microsoft Corporation, All Rights Reserved.
  Portions Copyright &#184; 2006-2018, Eric Woodruff, All Rights Reserved.
  No source code context base path specified.  Source context information is unavailable.
  Loaded 3 assemblies for reflection and 1 dependency assemblies.
  Wrote information on 36 namespaces, 124 types, and 776 members
  Copiando o arquivo de &quot;reflection.org&quot; para &quot;reflection.all&quot;.
  XslTransform (v2018.7.8.0)
  Copyright &#184; 2006-2018, Microsoft Corporation, All Rights Reserved.
  Portions Copyright &#184; 2006-2018, Eric Woodruff, All Rights Reserved.
  Applying XSL transformation &#39;C:\Program Files (x86)\EWSoftware\Sandcastle Help File Builder\ProductionTransforms\MergeDuplicates.xsl&#39;.
Projeto de compila‡&#198;o pronto &quot;C:\Users\mgodo\Documents\Repositorio GIT\smartSpriteFX\[sandCastle]\Help\Working\GenerateRefInfo.proj&quot; (destinos padr&#198;o).
    Last step completed in 00:00:02,5771
</buildStep>
<buildStep step="TransformReflectionInfo">
Transforming reflection output...
[C:\Program Files (x86)\Microsoft Visual Studio\2017\Community\MSBuild\15.0\Bin\MSBuild.exe - TransformManifest.proj]
Compila‡&#198;o de 20/01/2019 10:36:42 iniciada.
Projeto &quot;C:\Users\mgodo\Documents\Repositorio GIT\smartSpriteFX\[sandCastle]\Help\Working\TransformManifest.proj&quot; no n&#162; 1 (destinos padr&#198;o).
TransformManifest:
  XslTransform (v2018.7.8.0)
  Copyright &#184; 2006-2018, Microsoft Corporation, All Rights Reserved.
  Portions Copyright &#184; 2006-2018, Eric Woodruff, All Rights Reserved.
  Applying XSL transformation &#39;C:\Program Files (x86)\EWSoftware\Sandcastle Help File Builder\\ProductionTransforms\ApplyVSDocModel.xsl&#39;.
  Copiando o arquivo de &quot;reflection.xml&quot; para &quot;reflection.ungrouped&quot;.
  AddNamespaceGroups (v2018.7.8.0)
  Copyright &#184; 2006-2018, Eric Woodruff, All Rights Reserved
  Added 12 namespace group entries
  Copiando o arquivo de &quot;reflection.xml&quot; para &quot;reflection.nofilenames&quot;.
  XslTransform (v2018.7.8.0)
  Copyright &#184; 2006-2018, Microsoft Corporation, All Rights Reserved.
  Portions Copyright &#184; 2006-2018, Eric Woodruff, All Rights Reserved.
  Applying XSL transformation &#39;C:\Program Files (x86)\EWSoftware\Sandcastle Help File Builder\ProductionTransforms\AddFilenames.xsl&#39;.
  XslTransform (v2018.7.8.0)
  Copyright &#184; 2006-2018, Microsoft Corporation, All Rights Reserved.
  Portions Copyright &#184; 2006-2018, Eric Woodruff, All Rights Reserved.
  Applying XSL transformation &#39;C:\Program Files (x86)\EWSoftware\Sandcastle Help File Builder\ProductionTransforms\ReflectionToManifest.xsl&#39;.
Projeto de compila‡&#198;o pronto &quot;C:\Users\mgodo\Documents\Repositorio GIT\smartSpriteFX\[sandCastle]\Help\Working\TransformManifest.proj&quot; (destinos padr&#198;o).
    Last step completed in 00:00:05,3746
</buildStep>
<buildStep step="GenerateNamespaceSummaries">
Generating namespace summary information...
    Last step completed in 00:00:00,4189
</buildStep>
<buildStep step="CopyAdditionalContent">
Copying additional content files...
No additional content to copy
    Last step completed in 00:00:00,0030
</buildStep>
<buildStep step="MergeTablesOfContents">
Merging conceptual and additional tables of contents...
    Last step completed in 00:00:00,0010
</buildStep>
<buildStep step="GenerateIntermediateTableOfContents">
Generating intermediate table of contents file...
[C:\Program Files (x86)\Microsoft Visual Studio\2017\Community\MSBuild\15.0\Bin\MSBuild.exe - GenerateIntermediateTOC.proj]
Compila‡&#198;o de 20/01/2019 10:36:48 iniciada.
Projeto &quot;C:\Users\mgodo\Documents\Repositorio GIT\smartSpriteFX\[sandCastle]\Help\Working\GenerateIntermediateTOC.proj&quot; no n&#162; 1 (destinos padr&#198;o).
GenerateIntermediateTOC:
  XslTransform (v2018.7.8.0)
  Copyright &#184; 2006-2018, Microsoft Corporation, All Rights Reserved.
  Portions Copyright &#184; 2006-2018, Eric Woodruff, All Rights Reserved.
  Applying XSL transformation &#39;C:\Program Files (x86)\EWSoftware\Sandcastle Help File Builder\\ProductionTransforms\CreateVSToc.xsl&#39;.
Projeto de compila‡&#198;o pronto &quot;C:\Users\mgodo\Documents\Repositorio GIT\smartSpriteFX\[sandCastle]\Help\Working\GenerateIntermediateTOC.proj&quot; (destinos padr&#198;o).
Generating conceptual content intermediate TOC file...
    Last step completed in 00:00:01,2566
</buildStep>
<buildStep step="CreateBuildAssemblerConfigs">
Creating Sandcastle configuration files...
    sandcastle.config
    Last step completed in 00:00:00,6832
</buildStep>
<buildStep step="MergeCustomConfigs">
Merging custom build component configurations
C:\Users\mgodo\Documents\Repositorio GIT\smartSpriteFX\[sandCastle]\Help\Working\sandcastle.config
  Updating reference topic configurations.
  No conceptual content.  Removing conceptual content components.
    Last step completed in 00:00:00,0100
</buildStep>
<buildStep step="BuildTopics">
Building help topics...
[C:\Program Files (x86)\Microsoft Visual Studio\2017\Community\MSBuild\15.0\Bin\MSBuild.exe - BuildTopics.proj]
Compila‡&#198;o de 20/01/2019 10:36:50 iniciada.
Projeto &quot;C:\Users\mgodo\Documents\Repositorio GIT\smartSpriteFX\[sandCastle]\Help\Working\BuildTopics.proj&quot; no n&#162; 1 (destinos padr&#198;o).
BuildTopics:
  BuildAssembler (v2018.7.8.0)
  Copyright &#184; 2006-2018, Microsoft Corporation, All Rights Reserved.
  Portions Copyright &#184; 2006-2018, Eric Woodruff, All Rights Reserved.
  Loading configuration...
  Processing topics...
  Processed 1199 topic(s)
  CopyFromIndexComponent: &quot;reflection&quot; in-memory cache entries used: 6 of 15.
  CopyFromIndexComponent: &quot;comments&quot; in-memory cache entries used: 6 of 30.
  ResolveReferenceLinksComponent: 4 entries added to the MSDN content ID cache.  New cache size: 601 entries
Projeto de compila‡&#198;o pronto &quot;C:\Users\mgodo\Documents\Repositorio GIT\smartSpriteFX\[sandCastle]\Help\Working\BuildTopics.proj&quot; (destinos padr&#198;o).
    Last step completed in 00:00:32,0552
</buildStep>
<buildStep step="CombiningIntermediateTocFiles">
Combining conceptual and API intermediate TOC files...
    Last step completed in 00:00:00,0110
</buildStep>
<buildStep step="ExtractingHtmlInfo">
Extracting HTML info for HTML Help 1 and/or website...
[C:\Program Files (x86)\Microsoft Visual Studio\2017\Community\MSBuild\15.0\Bin\MSBuild.exe - ExtractHtmlInfo.proj]
Sandcastle Help File Builder and Tools, version 2018.7.8.0
Copyright &#184; 2006-2018, Eric Woodruff, All Rights Reserved
E-Mail: Eric@EWoodruff.us

Using LCID &#39;1033&#39;, code page &#39;65001&#39;, encoding charset &#39;UTF-8&#39;.

Processing Help 1 files in C:\Users\mgodo\Documents\Repositorio GIT\smartSpriteFX\[sandCastle]\Help\Working\Output\HtmlHelp1
Processed 1199 HTML files
Sorting keywords and generating See Also indices
Saving HTML Help 1 keyword index to C:\Users\mgodo\Documents\Repositorio GIT\smartSpriteFX\[sandCastle]\Help\Working\smartSpriteFX Library Technical Reference.hhk
Saving HTML Help 1 table of contents to C:\Users\mgodo\Documents\Repositorio GIT\smartSpriteFX\[sandCastle]\Help\Working\smartSpriteFX Library Technical Reference.hhc
    Last step completed in 00:00:21,1833
</buildStep>
<buildStep step="CopyStandardHelpContent">
Copying standard help content...
C:\Program Files (x86)\EWSoftware\Sandcastle Help File Builder\PresentationStyles\VS2013\icons\AlertCaution.png -&gt; C:\Users\mgodo\Documents\Repositorio GIT\smartSpriteFX\[sandCastle]\Help\Working\Output\HtmlHelp1\icons\AlertCaution.png
C:\Program Files (x86)\EWSoftware\Sandcastle Help File Builder\PresentationStyles\VS2013\icons\AlertNote.png -&gt; C:\Users\mgodo\Documents\Repositorio GIT\smartSpriteFX\[sandCastle]\Help\Working\Output\HtmlHelp1\icons\AlertNote.png
C:\Program Files (x86)\EWSoftware\Sandcastle Help File Builder\PresentationStyles\VS2013\icons\AlertSecurity.png -&gt; C:\Users\mgodo\Documents\Repositorio GIT\smartSpriteFX\[sandCastle]\Help\Working\Output\HtmlHelp1\icons\AlertSecurity.png
C:\Program Files (x86)\EWSoftware\Sandcastle Help File Builder\PresentationStyles\VS2013\icons\CFW.gif -&gt; C:\Users\mgodo\Documents\Repositorio GIT\smartSpriteFX\[sandCastle]\Help\Working\Output\HtmlHelp1\icons\CFW.gif
C:\Program Files (x86)\EWSoftware\Sandcastle Help File Builder\PresentationStyles\VS2013\icons\CodeExample.png -&gt; C:\Users\mgodo\Documents\Repositorio GIT\smartSpriteFX\[sandCastle]\Help\Working\Output\HtmlHelp1\icons\CodeExample.png
C:\Program Files (x86)\EWSoftware\Sandcastle Help File Builder\PresentationStyles\VS2013\icons\favicon.ico -&gt; C:\Users\mgodo\Documents\Repositorio GIT\smartSpriteFX\[sandCastle]\Help\Working\Output\HtmlHelp1\icons\favicon.ico
C:\Program Files (x86)\EWSoftware\Sandcastle Help File Builder\PresentationStyles\VS2013\icons\privclass.gif -&gt; C:\Users\mgodo\Documents\Repositorio GIT\smartSpriteFX\[sandCastle]\Help\Working\Output\HtmlHelp1\icons\privclass.gif
C:\Program Files (x86)\EWSoftware\Sandcastle Help File Builder\PresentationStyles\VS2013\icons\privdelegate.gif -&gt; C:\Users\mgodo\Documents\Repositorio GIT\smartSpriteFX\[sandCastle]\Help\Working\Output\HtmlHelp1\icons\privdelegate.gif
C:\Program Files (x86)\EWSoftware\Sandcastle Help File Builder\PresentationStyles\VS2013\icons\privenumeration.gif -&gt; C:\Users\mgodo\Documents\Repositorio GIT\smartSpriteFX\[sandCastle]\Help\Working\Output\HtmlHelp1\icons\privenumeration.gif
C:\Program Files (x86)\EWSoftware\Sandcastle Help File Builder\PresentationStyles\VS2013\icons\privevent.gif -&gt; C:\Users\mgodo\Documents\Repositorio GIT\smartSpriteFX\[sandCastle]\Help\Working\Output\HtmlHelp1\icons\privevent.gif
C:\Program Files (x86)\EWSoftware\Sandcastle Help File Builder\PresentationStyles\VS2013\icons\privextension.gif -&gt; C:\Users\mgodo\Documents\Repositorio GIT\smartSpriteFX\[sandCastle]\Help\Working\Output\HtmlHelp1\icons\privextension.gif
C:\Program Files (x86)\EWSoftware\Sandcastle Help File Builder\PresentationStyles\VS2013\icons\privfield.gif -&gt; C:\Users\mgodo\Documents\Repositorio GIT\smartSpriteFX\[sandCastle]\Help\Working\Output\HtmlHelp1\icons\privfield.gif
C:\Program Files (x86)\EWSoftware\Sandcastle Help File Builder\PresentationStyles\VS2013\icons\privinterface.gif -&gt; C:\Users\mgodo\Documents\Repositorio GIT\smartSpriteFX\[sandCastle]\Help\Working\Output\HtmlHelp1\icons\privinterface.gif
C:\Program Files (x86)\EWSoftware\Sandcastle Help File Builder\PresentationStyles\VS2013\icons\privmethod.gif -&gt; C:\Users\mgodo\Documents\Repositorio GIT\smartSpriteFX\[sandCastle]\Help\Working\Output\HtmlHelp1\icons\privmethod.gif
C:\Program Files (x86)\EWSoftware\Sandcastle Help File Builder\PresentationStyles\VS2013\icons\privproperty.gif -&gt; C:\Users\mgodo\Documents\Repositorio GIT\smartSpriteFX\[sandCastle]\Help\Working\Output\HtmlHelp1\icons\privproperty.gif
C:\Program Files (x86)\EWSoftware\Sandcastle Help File Builder\PresentationStyles\VS2013\icons\privstructure.gif -&gt; C:\Users\mgodo\Documents\Repositorio GIT\smartSpriteFX\[sandCastle]\Help\Working\Output\HtmlHelp1\icons\privstructure.gif
C:\Program Files (x86)\EWSoftware\Sandcastle Help File Builder\PresentationStyles\VS2013\icons\protclass.gif -&gt; C:\Users\mgodo\Documents\Repositorio GIT\smartSpriteFX\[sandCastle]\Help\Working\Output\HtmlHelp1\icons\protclass.gif
C:\Program Files (x86)\EWSoftware\Sandcastle Help File Builder\PresentationStyles\VS2013\icons\protdelegate.gif -&gt; C:\Users\mgodo\Documents\Repositorio GIT\smartSpriteFX\[sandCastle]\Help\Working\Output\HtmlHelp1\icons\protdelegate.gif
C:\Program Files (x86)\EWSoftware\Sandcastle Help File Builder\PresentationStyles\VS2013\icons\protenumeration.gif -&gt; C:\Users\mgodo\Documents\Repositorio GIT\smartSpriteFX\[sandCastle]\Help\Working\Output\HtmlHelp1\icons\protenumeration.gif
C:\Program Files (x86)\EWSoftware\Sandcastle Help File Builder\PresentationStyles\VS2013\icons\protevent.gif -&gt; C:\Users\mgodo\Documents\Repositorio GIT\smartSpriteFX\[sandCastle]\Help\Working\Output\HtmlHelp1\icons\protevent.gif
C:\Program Files (x86)\EWSoftware\Sandcastle Help File Builder\PresentationStyles\VS2013\icons\protextension.gif -&gt; C:\Users\mgodo\Documents\Repositorio GIT\smartSpriteFX\[sandCastle]\Help\Working\Output\HtmlHelp1\icons\protextension.gif
C:\Program Files (x86)\EWSoftware\Sandcastle Help File Builder\PresentationStyles\VS2013\icons\protfield.gif -&gt; C:\Users\mgodo\Documents\Repositorio GIT\smartSpriteFX\[sandCastle]\Help\Working\Output\HtmlHelp1\icons\protfield.gif
C:\Program Files (x86)\EWSoftware\Sandcastle Help File Builder\PresentationStyles\VS2013\icons\protinterface.gif -&gt; C:\Users\mgodo\Documents\Repositorio GIT\smartSpriteFX\[sandCastle]\Help\Working\Output\HtmlHelp1\icons\protinterface.gif
C:\Program Files (x86)\EWSoftware\Sandcastle Help File Builder\PresentationStyles\VS2013\icons\protmethod.gif -&gt; C:\Users\mgodo\Documents\Repositorio GIT\smartSpriteFX\[sandCastle]\Help\Working\Output\HtmlHelp1\icons\protmethod.gif
C:\Program Files (x86)\EWSoftware\Sandcastle Help File Builder\PresentationStyles\VS2013\icons\protoperator.gif -&gt; C:\Users\mgodo\Documents\Repositorio GIT\smartSpriteFX\[sandCastle]\Help\Working\Output\HtmlHelp1\icons\protoperator.gif
C:\Program Files (x86)\EWSoftware\Sandcastle Help File Builder\PresentationStyles\VS2013\icons\protproperty.gif -&gt; C:\Users\mgodo\Documents\Repositorio GIT\smartSpriteFX\[sandCastle]\Help\Working\Output\HtmlHelp1\icons\protproperty.gif
C:\Program Files (x86)\EWSoftware\Sandcastle Help File Builder\PresentationStyles\VS2013\icons\protstructure.gif -&gt; C:\Users\mgodo\Documents\Repositorio GIT\smartSpriteFX\[sandCastle]\Help\Working\Output\HtmlHelp1\icons\protstructure.gif
C:\Program Files (x86)\EWSoftware\Sandcastle Help File Builder\PresentationStyles\VS2013\icons\pubclass.gif -&gt; C:\Users\mgodo\Documents\Repositorio GIT\smartSpriteFX\[sandCastle]\Help\Working\Output\HtmlHelp1\icons\pubclass.gif
C:\Program Files (x86)\EWSoftware\Sandcastle Help File Builder\PresentationStyles\VS2013\icons\pubdelegate.gif -&gt; C:\Users\mgodo\Documents\Repositorio GIT\smartSpriteFX\[sandCastle]\Help\Working\Output\HtmlHelp1\icons\pubdelegate.gif
C:\Program Files (x86)\EWSoftware\Sandcastle Help File Builder\PresentationStyles\VS2013\icons\pubenumeration.gif -&gt; C:\Users\mgodo\Documents\Repositorio GIT\smartSpriteFX\[sandCastle]\Help\Working\Output\HtmlHelp1\icons\pubenumeration.gif
C:\Program Files (x86)\EWSoftware\Sandcastle Help File Builder\PresentationStyles\VS2013\icons\pubevent.gif -&gt; C:\Users\mgodo\Documents\Repositorio GIT\smartSpriteFX\[sandCastle]\Help\Working\Output\HtmlHelp1\icons\pubevent.gif
C:\Program Files (x86)\EWSoftware\Sandcastle Help File Builder\PresentationStyles\VS2013\icons\pubextension.gif -&gt; C:\Users\mgodo\Documents\Repositorio GIT\smartSpriteFX\[sandCastle]\Help\Working\Output\HtmlHelp1\icons\pubextension.gif
C:\Program Files (x86)\EWSoftware\Sandcastle Help File Builder\PresentationStyles\VS2013\icons\pubfield.gif -&gt; C:\Users\mgodo\Documents\Repositorio GIT\smartSpriteFX\[sandCastle]\Help\Working\Output\HtmlHelp1\icons\pubfield.gif
C:\Program Files (x86)\EWSoftware\Sandcastle Help File Builder\PresentationStyles\VS2013\icons\pubinterface.gif -&gt; C:\Users\mgodo\Documents\Repositorio GIT\smartSpriteFX\[sandCastle]\Help\Working\Output\HtmlHelp1\icons\pubinterface.gif
C:\Program Files (x86)\EWSoftware\Sandcastle Help File Builder\PresentationStyles\VS2013\icons\pubmethod.gif -&gt; C:\Users\mgodo\Documents\Repositorio GIT\smartSpriteFX\[sandCastle]\Help\Working\Output\HtmlHelp1\icons\pubmethod.gif
C:\Program Files (x86)\EWSoftware\Sandcastle Help File Builder\PresentationStyles\VS2013\icons\puboperator.gif -&gt; C:\Users\mgodo\Documents\Repositorio GIT\smartSpriteFX\[sandCastle]\Help\Working\Output\HtmlHelp1\icons\puboperator.gif
C:\Program Files (x86)\EWSoftware\Sandcastle Help File Builder\PresentationStyles\VS2013\icons\pubproperty.gif -&gt; C:\Users\mgodo\Documents\Repositorio GIT\smartSpriteFX\[sandCastle]\Help\Working\Output\HtmlHelp1\icons\pubproperty.gif
C:\Program Files (x86)\EWSoftware\Sandcastle Help File Builder\PresentationStyles\VS2013\icons\pubstructure.gif -&gt; C:\Users\mgodo\Documents\Repositorio GIT\smartSpriteFX\[sandCastle]\Help\Working\Output\HtmlHelp1\icons\pubstructure.gif
C:\Program Files (x86)\EWSoftware\Sandcastle Help File Builder\PresentationStyles\VS2013\icons\SectionCollapsed.png -&gt; C:\Users\mgodo\Documents\Repositorio GIT\smartSpriteFX\[sandCastle]\Help\Working\Output\HtmlHelp1\icons\SectionCollapsed.png
C:\Program Files (x86)\EWSoftware\Sandcastle Help File Builder\PresentationStyles\VS2013\icons\SectionExpanded.png -&gt; C:\Users\mgodo\Documents\Repositorio GIT\smartSpriteFX\[sandCastle]\Help\Working\Output\HtmlHelp1\icons\SectionExpanded.png
C:\Program Files (x86)\EWSoftware\Sandcastle Help File Builder\PresentationStyles\VS2013\icons\slMobile.gif -&gt; C:\Users\mgodo\Documents\Repositorio GIT\smartSpriteFX\[sandCastle]\Help\Working\Output\HtmlHelp1\icons\slMobile.gif
C:\Program Files (x86)\EWSoftware\Sandcastle Help File Builder\PresentationStyles\VS2013\icons\static.gif -&gt; C:\Users\mgodo\Documents\Repositorio GIT\smartSpriteFX\[sandCastle]\Help\Working\Output\HtmlHelp1\icons\static.gif
C:\Program Files (x86)\EWSoftware\Sandcastle Help File Builder\PresentationStyles\VS2013\icons\xna.gif -&gt; C:\Users\mgodo\Documents\Repositorio GIT\smartSpriteFX\[sandCastle]\Help\Working\Output\HtmlHelp1\icons\xna.gif
C:\Program Files (x86)\EWSoftware\Sandcastle Help File Builder\PresentationStyles\VS2013\scripts\branding.js -&gt; C:\Users\mgodo\Documents\Repositorio GIT\smartSpriteFX\[sandCastle]\Help\Working\Output\HtmlHelp1\scripts\branding.js
C:\Program Files (x86)\EWSoftware\Sandcastle Help File Builder\PresentationStyles\VS2013\styles\branding-cs-CZ.css -&gt; C:\Users\mgodo\Documents\Repositorio GIT\smartSpriteFX\[sandCastle]\Help\Working\Output\HtmlHelp1\styles\branding-cs-CZ.css
C:\Program Files (x86)\EWSoftware\Sandcastle Help File Builder\PresentationStyles\VS2013\styles\branding-de-DE.css -&gt; C:\Users\mgodo\Documents\Repositorio GIT\smartSpriteFX\[sandCastle]\Help\Working\Output\HtmlHelp1\styles\branding-de-DE.css
C:\Program Files (x86)\EWSoftware\Sandcastle Help File Builder\PresentationStyles\VS2013\styles\branding-en-US.css -&gt; C:\Users\mgodo\Documents\Repositorio GIT\smartSpriteFX\[sandCastle]\Help\Working\Output\HtmlHelp1\styles\branding-en-US.css
C:\Program Files (x86)\EWSoftware\Sandcastle Help File Builder\PresentationStyles\VS2013\styles\branding-es-ES.css -&gt; C:\Users\mgodo\Documents\Repositorio GIT\smartSpriteFX\[sandCastle]\Help\Working\Output\HtmlHelp1\styles\branding-es-ES.css
C:\Program Files (x86)\EWSoftware\Sandcastle Help File Builder\PresentationStyles\VS2013\styles\branding-fr-FR.css -&gt; C:\Users\mgodo\Documents\Repositorio GIT\smartSpriteFX\[sandCastle]\Help\Working\Output\HtmlHelp1\styles\branding-fr-FR.css
C:\Program Files (x86)\EWSoftware\Sandcastle Help File Builder\PresentationStyles\VS2013\styles\branding-Help1.css -&gt; C:\Users\mgodo\Documents\Repositorio GIT\smartSpriteFX\[sandCastle]\Help\Working\Output\HtmlHelp1\styles\branding-Help1.css
C:\Program Files (x86)\EWSoftware\Sandcastle Help File Builder\PresentationStyles\VS2013\styles\branding-HelpViewer.css -&gt; C:\Users\mgodo\Documents\Repositorio GIT\smartSpriteFX\[sandCastle]\Help\Working\Output\HtmlHelp1\styles\branding-HelpViewer.css
C:\Program Files (x86)\EWSoftware\Sandcastle Help File Builder\PresentationStyles\VS2013\styles\branding-it-IT.css -&gt; C:\Users\mgodo\Documents\Repositorio GIT\smartSpriteFX\[sandCastle]\Help\Working\Output\HtmlHelp1\styles\branding-it-IT.css
C:\Program Files (x86)\EWSoftware\Sandcastle Help File Builder\PresentationStyles\VS2013\styles\branding-ja-JP.css -&gt; C:\Users\mgodo\Documents\Repositorio GIT\smartSpriteFX\[sandCastle]\Help\Working\Output\HtmlHelp1\styles\branding-ja-JP.css
C:\Program Files (x86)\EWSoftware\Sandcastle Help File Builder\PresentationStyles\VS2013\styles\branding-ko-KR.css -&gt; C:\Users\mgodo\Documents\Repositorio GIT\smartSpriteFX\[sandCastle]\Help\Working\Output\HtmlHelp1\styles\branding-ko-KR.css
C:\Program Files (x86)\EWSoftware\Sandcastle Help File Builder\PresentationStyles\VS2013\styles\branding-pl-PL.css -&gt; C:\Users\mgodo\Documents\Repositorio GIT\smartSpriteFX\[sandCastle]\Help\Working\Output\HtmlHelp1\styles\branding-pl-PL.css
C:\Program Files (x86)\EWSoftware\Sandcastle Help File Builder\PresentationStyles\VS2013\styles\branding-pt-BR.css -&gt; C:\Users\mgodo\Documents\Repositorio GIT\smartSpriteFX\[sandCastle]\Help\Working\Output\HtmlHelp1\styles\branding-pt-BR.css
C:\Program Files (x86)\EWSoftware\Sandcastle Help File Builder\PresentationStyles\VS2013\styles\branding-ru-RU.css -&gt; C:\Users\mgodo\Documents\Repositorio GIT\smartSpriteFX\[sandCastle]\Help\Working\Output\HtmlHelp1\styles\branding-ru-RU.css
C:\Program Files (x86)\EWSoftware\Sandcastle Help File Builder\PresentationStyles\VS2013\styles\branding-tr-TR.css -&gt; C:\Users\mgodo\Documents\Repositorio GIT\smartSpriteFX\[sandCastle]\Help\Working\Output\HtmlHelp1\styles\branding-tr-TR.css
C:\Program Files (x86)\EWSoftware\Sandcastle Help File Builder\PresentationStyles\VS2013\styles\branding-Website.css -&gt; C:\Users\mgodo\Documents\Repositorio GIT\smartSpriteFX\[sandCastle]\Help\Working\Output\HtmlHelp1\styles\branding-Website.css
C:\Program Files (x86)\EWSoftware\Sandcastle Help File Builder\PresentationStyles\VS2013\styles\branding-zh-CN.css -&gt; C:\Users\mgodo\Documents\Repositorio GIT\smartSpriteFX\[sandCastle]\Help\Working\Output\HtmlHelp1\styles\branding-zh-CN.css
C:\Program Files (x86)\EWSoftware\Sandcastle Help File Builder\PresentationStyles\VS2013\styles\branding-zh-TW.css -&gt; C:\Users\mgodo\Documents\Repositorio GIT\smartSpriteFX\[sandCastle]\Help\Working\Output\HtmlHelp1\styles\branding-zh-TW.css
C:\Program Files (x86)\EWSoftware\Sandcastle Help File Builder\PresentationStyles\VS2013\styles\branding.css -&gt; C:\Users\mgodo\Documents\Repositorio GIT\smartSpriteFX\[sandCastle]\Help\Working\Output\HtmlHelp1\styles\branding.css
    Last step completed in 00:00:01,0223
</buildStep>
<buildStep step="GenerateHelpFormatTableOfContents">
Generating HTML Help 1 table of contents file...
    Last step completed in 00:00:00,0000
</buildStep>
<buildStep step="GenerateHelpFileIndex">
Generating HTML Help 1 index file...
    Last step completed in 00:00:00,0000
</buildStep>
<buildStep step="GenerateHelpProject">
Generating HTML Help 1 project file...
    Last step completed in 00:00:00,0120
</buildStep>
<buildStep step="CompilingHelpFile">
Compiling HTML Help 1 file...
[C:\Program Files (x86)\Microsoft Visual Studio\2017\Community\MSBuild\15.0\Bin\MSBuild.exe - Build1xHelpFile.proj]
  Microsoft HTML Help Compiler 4.74.8702
  
  
  
  Compiling c:\Users\mgodo\Documents\Repositorio GIT\smartSpriteFX\[sandCastle]\Help\Working\Output\HtmlHelp1\smartSpriteFX Library Technical Reference.chm
  
  
  
  
  
  Compile time: 0 minutes, 14 seconds
  
  1,201	Topics
  
  12,485	Local links
  
  38,093	Internet links
  
  0	Graphics
  
  
  
  
  
  Created c:\Users\mgodo\Documents\Repositorio GIT\smartSpriteFX\[sandCastle]\Help\Working\Output\HtmlHelp1\smartSpriteFX Library Technical Reference.chm, 2,145,889 bytes
  
  Compression decreased file by 13,919,029 bytes.
  
    Last step completed in 00:00:15,5464
</buildStep>
<buildStep step="CleanIntermediates">
Removing intermediate files...
    Last step completed in 00:00:00,4109
</buildStep>
<buildStep step="Completed">

Build completed successfully at 20/01/2019 10:38:00.  Total time: 00:01:22,5371

</buildStep>
</shfbBuild>
